<?xml version="1.0" encoding="UTF-8"?>
<!-- Generated by org.testng.reporters.JUnitXMLReporter -->
<testsuite hostname="DESKTOP-3BSMRC9" ignored="0" tests="6" failures="0" timestamp="2021-02-20T09:18:20 IST" time="28.614" errors="0">
  <testcase name="location" time="5.454" classname="DemoOne"/>
  <testcase name="openNewTab" time="2.0" classname="DemoOne"/>
  <testcase name="openNewWindow" time="1.803" classname="DemoOne"/>
  <testcase name="sampleTC" time="2.889" classname="DemoOne"/>
  <testcase name="screenshotTest" time="1.499" classname="DemoOne"/>
  <testcase name="test" time="10.68" classname="DemoOne"/>
</testsuite>
