<?xml version="1.0" encoding="UTF-8"?>
<!-- Generated by org.testng.reporters.JUnitXMLReporter -->
<testsuite hostname="DESKTOP-3BSMRC9" ignored="0" tests="6" failures="0" timestamp="2021-02-19T00:58:50 IST" time="26.838" errors="0">
  <testcase name="location" time="3.568" classname="DemoOne"/>
  <testcase name="openNewTab" time="1.661" classname="DemoOne"/>
  <testcase name="openNewWindow" time="1.604" classname="DemoOne"/>
  <testcase name="sampleTC" time="2.896" classname="DemoOne"/>
  <testcase name="screenshotTest" time="1.139" classname="DemoOne"/>
  <testcase name="test" time="9.855" classname="DemoOne"/>
</testsuite>
