<?xml version="1.0" encoding="UTF-8"?>
<testng-results skipped="0" failed="0" ignored="0" total="6" passed="6">
  <reporter-output>
  </reporter-output>
  <suite name="Default Suite" duration-ms="28614" started-at="2021-02-20T09:17:51 IST" finished-at="2021-02-20T09:18:20 IST">
    <groups>
    </groups>
    <test name="selenium4practise" duration-ms="28614" started-at="2021-02-20T09:17:51 IST" finished-at="2021-02-20T09:18:20 IST">
      <class name="DemoOne">
        <test-method status="PASS" signature="setUp()[pri:0, instance:DemoOne@3c0ecd4b]" name="setUp" is-config="true" duration-ms="4283" started-at="2021-02-20T09:17:51 IST" finished-at="2021-02-20T09:17:56 IST">
          <reporter-output>
          </reporter-output>
        </test-method> <!-- setUp -->
        <test-method status="PASS" signature="location()[pri:0, instance:DemoOne@3c0ecd4b]" name="location" duration-ms="5454" started-at="2021-02-20T09:17:56 IST" finished-at="2021-02-20T09:18:01 IST">
          <reporter-output>
          </reporter-output>
        </test-method> <!-- location -->
        <test-method status="PASS" signature="openNewTab()[pri:0, instance:DemoOne@3c0ecd4b]" name="openNewTab" duration-ms="2000" started-at="2021-02-20T09:18:01 IST" finished-at="2021-02-20T09:18:03 IST">
          <reporter-output>
          </reporter-output>
        </test-method> <!-- openNewTab -->
        <test-method status="PASS" signature="openNewWindow()[pri:0, instance:DemoOne@3c0ecd4b]" name="openNewWindow" duration-ms="1803" started-at="2021-02-20T09:18:03 IST" finished-at="2021-02-20T09:18:05 IST">
          <reporter-output>
          </reporter-output>
        </test-method> <!-- openNewWindow -->
        <test-method status="PASS" signature="sampleTC()[pri:0, instance:DemoOne@3c0ecd4b]" name="sampleTC" duration-ms="2889" started-at="2021-02-20T09:18:05 IST" finished-at="2021-02-20T09:18:08 IST">
          <reporter-output>
          </reporter-output>
        </test-method> <!-- sampleTC -->
        <test-method status="PASS" signature="screenshotTest()[pri:0, instance:DemoOne@3c0ecd4b]" name="screenshotTest" duration-ms="1499" started-at="2021-02-20T09:18:08 IST" finished-at="2021-02-20T09:18:09 IST">
          <reporter-output>
          </reporter-output>
        </test-method> <!-- screenshotTest -->
        <test-method status="PASS" signature="test()[pri:0, instance:DemoOne@3c0ecd4b]" name="test" duration-ms="10680" started-at="2021-02-20T09:18:09 IST" finished-at="2021-02-20T09:18:20 IST">
          <reporter-output>
          </reporter-output>
        </test-method> <!-- test -->
        <test-method status="PASS" signature="tearDown()[pri:0, instance:DemoOne@3c0ecd4b]" name="tearDown" is-config="true" duration-ms="0" started-at="2021-02-20T09:18:20 IST" finished-at="2021-02-20T09:18:20 IST">
          <reporter-output>
          </reporter-output>
        </test-method> <!-- tearDown -->
      </class> <!-- DemoOne -->
    </test> <!-- selenium4practise -->
  </suite> <!-- Default Suite -->
</testng-results>
